app/build/intermediates/manifest_merge_blame_file/debug/manifest-merger-blame-debug-report.txt
1<?xml version="1.0" encoding="utf-8"?>
2<manifest xmlns:android="http://schemas.android.com/apk/res/android"
3    package="com.parris.joshtap"
4    android:versionCode="1"
5    android:versionName="0.1" >
6
7    <uses-sdk
8        android:minSdkVersion="24"
9        android:targetSdkVersion="35" />
10
11    <uses-permission android:name="android.permission.INTERNET" />
11-->src\main\AndroidManifest.xml:4:5-67
11-->src\main\AndroidManifest.xml:4:22-64
12    <uses-permission android:name="android.permission.NFC" />
12-->src\main\AndroidManifest.xml:5:5-62
12-->src\main\AndroidManifest.xml:5:22-59
13    <uses-permission android:name="android.permission.READ_MEDIA_AUDIO" />
13-->src\main\AndroidManifest.xml:6:5-75
13-->src\main\AndroidManifest.xml:6:22-72
14    <!-- Legacy permission for older Android versions (pre-API 33) -->
15    <uses-permission android:name="android.permission.READ_EXTERNAL_STORAGE" />
15-->src\main\AndroidManifest.xml:8:5-80
15-->src\main\AndroidManifest.xml:8:22-77
16    <!-- Fallback write permission for older devices when exporting to Downloads -->
17    <uses-permission
17-->src\main\AndroidManifest.xml:10:5-108
18        android:name="android.permission.WRITE_EXTERNAL_STORAGE"
18-->src\main\AndroidManifest.xml:10:22-78
19        android:maxSdkVersion="28" />
19-->src\main\AndroidManifest.xml:10:79-105
20
21    <uses-feature
21-->src\main\AndroidManifest.xml:11:5-82
22        android:name="android.hardware.nfc"
22-->src\main\AndroidManifest.xml:11:19-54
23        android:required="false" />
23-->src\main\AndroidManifest.xml:11:55-79
24
25    <uses-permission android:name="android.permission.ACCESS_NETWORK_STATE" />
25-->[androidx.media3:media3-common:1.4.0] AndroidManifest.xml:22:5-79
25-->[androidx.media3:media3-common:1.4.0] AndroidManifest.xml:22:22-76
26
27    <permission
27-->[androidx.core:core:1.10.1] AndroidManifest.xml:22:5-24:47
28        android:name="com.parris.joshtap.DYNAMIC_RECEIVER_NOT_EXPORTED_PERMISSION"
28-->[androidx.core:core:1.10.1] AndroidManifest.xml:23:9-81
29        android:protectionLevel="signature" />
29-->[androidx.core:core:1.10.1] AndroidManifest.xml:24:9-44
30
31    <uses-permission android:name="com.parris.joshtap.DYNAMIC_RECEIVER_NOT_EXPORTED_PERMISSION" />
31-->[androidx.core:core:1.10.1] AndroidManifest.xml:26:5-97
31-->[androidx.core:core:1.10.1] AndroidManifest.xml:26:22-94
32
33    <application
33-->src\main\AndroidManifest.xml:13:5-36:19
34        android:name="com.parris.joshtap.MyApplication"
34-->src\main\AndroidManifest.xml:14:9-38
35        android:allowBackup="true"
35-->src\main\AndroidManifest.xml:15:9-35
36        android:appComponentFactory="androidx.core.app.CoreComponentFactory"
36-->[androidx.core:core:1.10.1] AndroidManifest.xml:28:18-86
37        android:debuggable="true"
38        android:extractNativeLibs="false"
39        android:label="@string/app_name"
39-->src\main\AndroidManifest.xml:16:9-41
40        android:theme="@style/Theme.MaterialComponents.DayNight.NoActionBar" >
40-->src\main\AndroidManifest.xml:17:9-77
41        <activity
41-->src\main\AndroidManifest.xml:18:9-26:20
42            android:name="com.parris.joshtap.onboarding.OnboardingActivity"
42-->src\main\AndroidManifest.xml:19:13-76
43            android:exported="true"
43-->src\main\AndroidManifest.xml:20:13-36
44            android:launchMode="singleTop" >
44-->src\main\AndroidManifest.xml:21:13-43
45            <intent-filter>
45-->src\main\AndroidManifest.xml:22:13-25:29
46                <action android:name="android.intent.action.MAIN" />
46-->src\main\AndroidManifest.xml:23:17-69
46-->src\main\AndroidManifest.xml:23:25-66
47
48                <category android:name="android.intent.category.LAUNCHER" />
48-->src\main\AndroidManifest.xml:24:17-77
48-->src\main\AndroidManifest.xml:24:27-74
49            </intent-filter>
50        </activity>
51        <activity
51-->src\main\AndroidManifest.xml:28:9-31:46
52            android:name="com.parris.joshtap.MainActivity"
52-->src\main\AndroidManifest.xml:29:13-59
53            android:exported="true"
53-->src\main\AndroidManifest.xml:30:13-36
54            android:launchMode="singleTop" />
54-->src\main\AndroidManifest.xml:31:13-43
55        <activity
55-->src\main\AndroidManifest.xml:33:9-35:40
56            android:name="com.parris.joshtap.CardDetailActivity"
56-->src\main\AndroidManifest.xml:34:13-47
57            android:exported="false" />
57-->src\main\AndroidManifest.xml:35:13-37
58
59        <service
59-->[com.google.firebase:firebase-firestore-ktx:24.7.0] AndroidManifest.xml:11:9-17:19
60            android:name="com.google.firebase.components.ComponentDiscoveryService"
60-->[com.google.firebase:firebase-firestore-ktx:24.7.0] AndroidManifest.xml:12:13-84
61            android:directBootAware="true"
61-->[com.google.firebase:firebase-common:20.3.3] AndroidManifest.xml:34:13-43
62            android:exported="false" >
62-->[com.google.firebase:firebase-firestore-ktx:24.7.0] AndroidManifest.xml:13:13-37
63            <meta-data
63-->[com.google.firebase:firebase-firestore-ktx:24.7.0] AndroidManifest.xml:14:13-16:85
64                android:name="com.google.firebase.components:com.google.firebase.firestore.ktx.FirebaseFirestoreKtxRegistrar"
64-->[com.google.firebase:firebase-firestore-ktx:24.7.0] AndroidManifest.xml:15:17-126
65                android:value="com.google.firebase.components.ComponentRegistrar" />
65-->[com.google.firebase:firebase-firestore-ktx:24.7.0] AndroidManifest.xml:16:17-82
66            <meta-data
66-->[com.google.firebase:firebase-storage-ktx:20.2.1] AndroidManifest.xml:14:13-16:85
67                android:name="com.google.firebase.components:com.google.firebase.storage.ktx.FirebaseStorageKtxRegistrar"
67-->[com.google.firebase:firebase-storage-ktx:20.2.1] AndroidManifest.xml:15:17-122
68                android:value="com.google.firebase.components.ComponentRegistrar" />
68-->[com.google.firebase:firebase-storage-ktx:20.2.1] AndroidManifest.xml:16:17-82
69            <meta-data
69-->[com.google.firebase:firebase-auth-ktx:22.1.0] AndroidManifest.xml:11:13-13:85
70                android:name="com.google.firebase.components:com.google.firebase.auth.ktx.FirebaseAuthKtxRegistrar"
70-->[com.google.firebase:firebase-auth-ktx:22.1.0] AndroidManifest.xml:12:17-116
71                android:value="com.google.firebase.components.ComponentRegistrar" />
71-->[com.google.firebase:firebase-auth-ktx:22.1.0] AndroidManifest.xml:13:17-82
72            <meta-data
72-->[com.google.firebase:firebase-common-ktx:20.3.3] AndroidManifest.xml:14:13-16:85
73                android:name="com.google.firebase.components:com.google.firebase.ktx.FirebaseCommonKtxRegistrar"
73-->[com.google.firebase:firebase-common-ktx:20.3.3] AndroidManifest.xml:15:17-113
74                android:value="com.google.firebase.components.ComponentRegistrar" />
74-->[com.google.firebase:firebase-common-ktx:20.3.3] AndroidManifest.xml:16:17-82
75            <meta-data
75-->[com.google.firebase:firebase-storage:20.2.1] AndroidManifest.xml:32:13-34:85
76                android:name="com.google.firebase.components:com.google.firebase.storage.StorageRegistrar"
76-->[com.google.firebase:firebase-storage:20.2.1] AndroidManifest.xml:33:17-107
77                android:value="com.google.firebase.components.ComponentRegistrar" />
77-->[com.google.firebase:firebase-storage:20.2.1] AndroidManifest.xml:34:17-82
78            <meta-data
78-->[com.google.firebase:firebase-firestore:24.7.0] AndroidManifest.xml:19:13-21:85
79                android:name="com.google.firebase.components:com.google.firebase.firestore.FirestoreRegistrar"
79-->[com.google.firebase:firebase-firestore:24.7.0] AndroidManifest.xml:20:17-111
80                android:value="com.google.firebase.components.ComponentRegistrar" />
80-->[com.google.firebase:firebase-firestore:24.7.0] AndroidManifest.xml:21:17-82
81            <meta-data
81-->[com.google.firebase:firebase-auth:22.1.0] AndroidManifest.xml:69:13-71:85
82                android:name="com.google.firebase.components:com.google.firebase.auth.FirebaseAuthRegistrar"
82-->[com.google.firebase:firebase-auth:22.1.0] AndroidManifest.xml:70:17-109
83                android:value="com.google.firebase.components.ComponentRegistrar" />
83-->[com.google.firebase:firebase-auth:22.1.0] AndroidManifest.xml:71:17-82
84        </service>
85
86        <activity
86-->[com.google.firebase:firebase-auth:22.1.0] AndroidManifest.xml:29:9-46:20
87            android:name="com.google.firebase.auth.internal.GenericIdpActivity"
87-->[com.google.firebase:firebase-auth:22.1.0] AndroidManifest.xml:30:13-80
88            android:excludeFromRecents="true"
88-->[com.google.firebase:firebase-auth:22.1.0] AndroidManifest.xml:31:13-46
89            android:exported="true"
89-->[com.google.firebase:firebase-auth:22.1.0] AndroidManifest.xml:32:13-36
90            android:launchMode="singleTask"
90-->[com.google.firebase:firebase-auth:22.1.0] AndroidManifest.xml:33:13-44
91            android:theme="@android:style/Theme.Translucent.NoTitleBar" >
91-->[com.google.firebase:firebase-auth:22.1.0] AndroidManifest.xml:34:13-72
92            <intent-filter>
92-->[com.google.firebase:firebase-auth:22.1.0] AndroidManifest.xml:35:13-45:29
93                <action android:name="android.intent.action.VIEW" />
93-->[com.google.firebase:firebase-auth:22.1.0] AndroidManifest.xml:36:17-69
93-->[com.google.firebase:firebase-auth:22.1.0] AndroidManifest.xml:36:25-66
94
95                <category android:name="android.intent.category.DEFAULT" />
95-->[com.google.firebase:firebase-auth:22.1.0] AndroidManifest.xml:38:17-76
95-->[com.google.firebase:firebase-auth:22.1.0] AndroidManifest.xml:38:27-73
96                <category android:name="android.intent.category.BROWSABLE" />
96-->[com.google.firebase:firebase-auth:22.1.0] AndroidManifest.xml:39:17-78
96-->[com.google.firebase:firebase-auth:22.1.0] AndroidManifest.xml:39:27-75
97
98                <data
98-->[com.google.firebase:firebase-auth:22.1.0] AndroidManifest.xml:41:17-44:51
99                    android:host="firebase.auth"
99-->[com.google.firebase:firebase-auth:22.1.0] AndroidManifest.xml:42:21-49
100                    android:path="/"
100-->[com.google.firebase:firebase-auth:22.1.0] AndroidManifest.xml:43:21-37
101                    android:scheme="genericidp" />
101-->[com.google.firebase:firebase-auth:22.1.0] AndroidManifest.xml:44:21-48
102            </intent-filter>
103        </activity>
104        <activity
104-->[com.google.firebase:firebase-auth:22.1.0] AndroidManifest.xml:47:9-64:20
105            android:name="com.google.firebase.auth.internal.RecaptchaActivity"
105-->[com.google.firebase:firebase-auth:22.1.0] AndroidManifest.xml:48:13-79
106            android:excludeFromRecents="true"
106-->[com.google.firebase:firebase-auth:22.1.0] AndroidManifest.xml:49:13-46
107            android:exported="true"
107-->[com.google.firebase:firebase-auth:22.1.0] AndroidManifest.xml:50:13-36
108            android:launchMode="singleTask"
108-->[com.google.firebase:firebase-auth:22.1.0] AndroidManifest.xml:51:13-44
109            android:theme="@android:style/Theme.Translucent.NoTitleBar" >
109-->[com.google.firebase:firebase-auth:22.1.0] AndroidManifest.xml:52:13-72
110            <intent-filter>
110-->[com.google.firebase:firebase-auth:22.1.0] AndroidManifest.xml:53:13-63:29
111                <action android:name="android.intent.action.VIEW" />
111-->[com.google.firebase:firebase-auth:22.1.0] AndroidManifest.xml:36:17-69
111-->[com.google.firebase:firebase-auth:22.1.0] AndroidManifest.xml:36:25-66
112
113                <category android:name="android.intent.category.DEFAULT" />
113-->[com.google.firebase:firebase-auth:22.1.0] AndroidManifest.xml:38:17-76
113-->[com.google.firebase:firebase-auth:22.1.0] AndroidManifest.xml:38:27-73
114                <category android:name="android.intent.category.BROWSABLE" />
114-->[com.google.firebase:firebase-auth:22.1.0] AndroidManifest.xml:39:17-78
114-->[com.google.firebase:firebase-auth:22.1.0] AndroidManifest.xml:39:27-75
115
116                <data
116-->[com.google.firebase:firebase-auth:22.1.0] AndroidManifest.xml:41:17-44:51
117                    android:host="firebase.auth"
117-->[com.google.firebase:firebase-auth:22.1.0] AndroidManifest.xml:42:21-49
118                    android:path="/"
118-->[com.google.firebase:firebase-auth:22.1.0] AndroidManifest.xml:43:21-37
119                    android:scheme="recaptcha" />
119-->[com.google.firebase:firebase-auth:22.1.0] AndroidManifest.xml:44:21-48
120            </intent-filter>
121        </activity>
122
123        <provider
123-->[com.google.firebase:firebase-common:20.3.3] AndroidManifest.xml:25:9-30:39
124            android:name="com.google.firebase.provider.FirebaseInitProvider"
124-->[com.google.firebase:firebase-common:20.3.3] AndroidManifest.xml:26:13-77
125            android:authorities="com.parris.joshtap.firebaseinitprovider"
125-->[com.google.firebase:firebase-common:20.3.3] AndroidManifest.xml:27:13-72
126            android:directBootAware="true"
126-->[com.google.firebase:firebase-common:20.3.3] AndroidManifest.xml:28:13-43
127            android:exported="false"
127-->[com.google.firebase:firebase-common:20.3.3] AndroidManifest.xml:29:13-37
128            android:initOrder="100" />
128-->[com.google.firebase:firebase-common:20.3.3] AndroidManifest.xml:30:13-36
129        <provider
129-->[androidx.emoji2:emoji2:1.2.0] AndroidManifest.xml:24:9-32:20
130            android:name="androidx.startup.InitializationProvider"
130-->[androidx.emoji2:emoji2:1.2.0] AndroidManifest.xml:25:13-67
131            android:authorities="com.parris.joshtap.androidx-startup"
131-->[androidx.emoji2:emoji2:1.2.0] AndroidManifest.xml:26:13-68
132            android:exported="false" >
132-->[androidx.emoji2:emoji2:1.2.0] AndroidManifest.xml:27:13-37
133            <meta-data
133-->[androidx.emoji2:emoji2:1.2.0] AndroidManifest.xml:29:13-31:52
134                android:name="androidx.emoji2.text.EmojiCompatInitializer"
134-->[androidx.emoji2:emoji2:1.2.0] AndroidManifest.xml:30:17-75
135                android:value="androidx.startup" />
135-->[androidx.emoji2:emoji2:1.2.0] AndroidManifest.xml:31:17-49
136            <meta-data
136-->[androidx.lifecycle:lifecycle-process:2.6.2] AndroidManifest.xml:29:13-31:52
137                android:name="androidx.lifecycle.ProcessLifecycleInitializer"
137-->[androidx.lifecycle:lifecycle-process:2.6.2] AndroidManifest.xml:30:17-78
138                android:value="androidx.startup" />
138-->[androidx.lifecycle:lifecycle-process:2.6.2] AndroidManifest.xml:31:17-49
139            <meta-data
139-->[androidx.profileinstaller:profileinstaller:1.3.0] AndroidManifest.xml:29:13-31:52
140                android:name="androidx.profileinstaller.ProfileInstallerInitializer"
140-->[androidx.profileinstaller:profileinstaller:1.3.0] AndroidManifest.xml:30:17-85
141                android:value="androidx.startup" />
141-->[androidx.profileinstaller:profileinstaller:1.3.0] AndroidManifest.xml:31:17-49
142        </provider>
143
144        <activity
144-->[com.google.android.gms:play-services-base:18.0.1] AndroidManifest.xml:20:9-22:45
145            android:name="com.google.android.gms.common.api.GoogleApiActivity"
145-->[com.google.android.gms:play-services-base:18.0.1] AndroidManifest.xml:20:19-85
146            android:exported="false"
146-->[com.google.android.gms:play-services-base:18.0.1] AndroidManifest.xml:22:19-43
147            android:theme="@android:style/Theme.Translucent.NoTitleBar" />
147-->[com.google.android.gms:play-services-base:18.0.1] AndroidManifest.xml:21:19-78
148
149        <meta-data
149-->[com.google.android.gms:play-services-basement:18.1.0] AndroidManifest.xml:21:9-23:69
150            android:name="com.google.android.gms.version"
150-->[com.google.android.gms:play-services-basement:18.1.0] AndroidManifest.xml:22:13-58
151            android:value="@integer/google_play_services_version" />
151-->[com.google.android.gms:play-services-basement:18.1.0] AndroidManifest.xml:23:13-66
152
153        <service
153-->[androidx.room:room-runtime:2.5.2] AndroidManifest.xml:24:9-28:63
154            android:name="androidx.room.MultiInstanceInvalidationService"
154-->[androidx.room:room-runtime:2.5.2] AndroidManifest.xml:25:13-74
155            android:directBootAware="true"
155-->[androidx.room:room-runtime:2.5.2] AndroidManifest.xml:26:13-43
156            android:exported="false" />
156-->[androidx.room:room-runtime:2.5.2] AndroidManifest.xml:27:13-37
157
158        <receiver
158-->[androidx.profileinstaller:profileinstaller:1.3.0] AndroidManifest.xml:34:9-52:20
159            android:name="androidx.profileinstaller.ProfileInstallReceiver"
159-->[androidx.profileinstaller:profileinstaller:1.3.0] AndroidManifest.xml:35:13-76
160            android:directBootAware="false"
160-->[androidx.profileinstaller:profileinstaller:1.3.0] AndroidManifest.xml:36:13-44
161            android:enabled="true"
161-->[androidx.profileinstaller:profileinstaller:1.3.0] AndroidManifest.xml:37:13-35
162            android:exported="true"
162-->[androidx.profileinstaller:profileinstaller:1.3.0] AndroidManifest.xml:38:13-36
163            android:permission="android.permission.DUMP" >
163-->[androidx.profileinstaller:profileinstaller:1.3.0] AndroidManifest.xml:39:13-57
164            <intent-filter>
164-->[androidx.profileinstaller:profileinstaller:1.3.0] AndroidManifest.xml:40:13-42:29
165                <action android:name="androidx.profileinstaller.action.INSTALL_PROFILE" />
165-->[androidx.profileinstaller:profileinstaller:1.3.0] AndroidManifest.xml:41:17-91
165-->[androidx.profileinstaller:profileinstaller:1.3.0] AndroidManifest.xml:41:25-88
166            </intent-filter>
167            <intent-filter>
167-->[androidx.profileinstaller:profileinstaller:1.3.0] AndroidManifest.xml:43:13-45:29
168                <action android:name="androidx.profileinstaller.action.SKIP_FILE" />
168-->[androidx.profileinstaller:profileinstaller:1.3.0] AndroidManifest.xml:44:17-85
168-->[androidx.profileinstaller:profileinstaller:1.3.0] AndroidManifest.xml:44:25-82
169            </intent-filter>
170            <intent-filter>
170-->[androidx.profileinstaller:profileinstaller:1.3.0] AndroidManifest.xml:46:13-48:29
171                <action android:name="androidx.profileinstaller.action.SAVE_PROFILE" />
171-->[androidx.profileinstaller:profileinstaller:1.3.0] AndroidManifest.xml:47:17-88
171-->[androidx.profileinstaller:profileinstaller:1.3.0] AndroidManifest.xml:47:25-85
172            </intent-filter>
173            <intent-filter>
173-->[androidx.profileinstaller:profileinstaller:1.3.0] AndroidManifest.xml:49:13-51:29
174                <action android:name="androidx.profileinstaller.action.BENCHMARK_OPERATION" />
174-->[androidx.profileinstaller:profileinstaller:1.3.0] AndroidManifest.xml:50:17-95
174-->[androidx.profileinstaller:profileinstaller:1.3.0] AndroidManifest.xml:50:25-92
175            </intent-filter>
176        </receiver>
177    </application>
178
179</manifest>